0 info it worked if it ends with ok
1 verbose cli [ '/usr/bin/nodejs', '/usr/bin/npm', 'install' ]
2 info using npm@2.15.8
3 info using node@v4.4.7
4 verbose readDependencies loading dependencies from /home/eusebio/workspace/mentoring-web/package.json
5 verbose install where, deps [ '/home/eusebio/workspace/mentoring-web',
5 verbose install   [ 'grunt',
5 verbose install     'grunt-connect-proxy',
5 verbose install     'grunt-contrib-concat',
5 verbose install     'grunt-contrib-connect',
5 verbose install     'grunt-contrib-copy',
5 verbose install     'grunt-contrib-cssmin',
5 verbose install     'grunt-contrib-jshint',
5 verbose install     'grunt-contrib-uglify',
5 verbose install     'grunt-contrib-watch',
5 verbose install     'grunt-usemin' ] ]
6 verbose install where, peers [ '/home/eusebio/workspace/mentoring-web', [] ]
7 verbose installManyTop reading for lifecycle /home/eusebio/workspace/mentoring-web/package.json
8 info preinstall mentoring-web@1.0.0
9 verbose installManyTop reading scoped package data from /home/eusebio/workspace/mentoring-web/node_modules/grunt/package.json
10 verbose installManyTop reading scoped package data from /home/eusebio/workspace/mentoring-web/node_modules/grunt-connect-proxy/package.json
11 verbose installManyTop reading scoped package data from /home/eusebio/workspace/mentoring-web/node_modules/grunt-contrib-concat/package.json
12 verbose installManyTop reading scoped package data from /home/eusebio/workspace/mentoring-web/node_modules/grunt-contrib-connect/package.json
13 verbose installManyTop reading scoped package data from /home/eusebio/workspace/mentoring-web/node_modules/grunt-contrib-copy/package.json
14 verbose installManyTop reading scoped package data from /home/eusebio/workspace/mentoring-web/node_modules/grunt-contrib-cssmin/package.json
15 verbose installManyTop reading scoped package data from /home/eusebio/workspace/mentoring-web/node_modules/grunt-contrib-jshint/package.json
16 verbose installManyTop reading scoped package data from /home/eusebio/workspace/mentoring-web/node_modules/grunt-contrib-uglify/package.json
17 verbose installManyTop reading scoped package data from /home/eusebio/workspace/mentoring-web/node_modules/grunt-contrib-watch/package.json
18 verbose installManyTop reading scoped package data from /home/eusebio/workspace/mentoring-web/node_modules/grunt-usemin/package.json
19 info package.json grunt-connect-proxy@0.2.0 No license field.
20 verbose readDependencies loading dependencies from /home/eusebio/workspace/mentoring-web/package.json
21 verbose targetResolver reading package data from /home/eusebio/workspace/mentoring-web/node_modules/grunt/package.json
22 verbose targetResolver reading package data from /home/eusebio/workspace/mentoring-web/node_modules/grunt-connect-proxy/package.json
23 verbose targetResolver reading package data from /home/eusebio/workspace/mentoring-web/node_modules/grunt-contrib-concat/package.json
24 verbose targetResolver reading package data from /home/eusebio/workspace/mentoring-web/node_modules/grunt-contrib-connect/package.json
25 verbose targetResolver reading package data from /home/eusebio/workspace/mentoring-web/node_modules/grunt-contrib-copy/package.json
26 verbose targetResolver reading package data from /home/eusebio/workspace/mentoring-web/node_modules/grunt-contrib-cssmin/package.json
27 verbose targetResolver reading package data from /home/eusebio/workspace/mentoring-web/node_modules/grunt-contrib-jshint/package.json
28 verbose targetResolver reading package data from /home/eusebio/workspace/mentoring-web/node_modules/grunt-contrib-uglify/package.json
29 verbose targetResolver reading package data from /home/eusebio/workspace/mentoring-web/node_modules/grunt-contrib-watch/package.json
30 verbose targetResolver reading package data from /home/eusebio/workspace/mentoring-web/node_modules/grunt-usemin/package.json
31 verbose targetResolver reading package data from /home/eusebio/workspace/mentoring-web/node_modules/.bin/grunt/package.json
32 verbose already installed skipping grunt-contrib-connect@^1.0.2 /home/eusebio/workspace/mentoring-web
33 verbose already installed skipping grunt-contrib-copy@^1.0.0 /home/eusebio/workspace/mentoring-web
34 verbose already installed skipping grunt-contrib-cssmin@^1.0.1 /home/eusebio/workspace/mentoring-web
35 verbose already installed skipping grunt-contrib-jshint@^1.0.0 /home/eusebio/workspace/mentoring-web
36 verbose already installed skipping grunt-contrib-uglify@^1.0.1 /home/eusebio/workspace/mentoring-web
37 verbose already installed skipping grunt-contrib-watch@^1.0.0 /home/eusebio/workspace/mentoring-web
38 verbose already installed skipping grunt-usemin@^3.1.1 /home/eusebio/workspace/mentoring-web
39 verbose already installed skipping grunt@^1.0.1 /home/eusebio/workspace/mentoring-web
40 verbose already installed skipping grunt-connect-proxy@^0.2.0 /home/eusebio/workspace/mentoring-web
41 verbose already installed skipping grunt-contrib-concat@^1.0.1 /home/eusebio/workspace/mentoring-web
42 silly install resolved []
43 info build /home/eusebio/workspace/mentoring-web
44 info linkStuff mentoring-web@1.0.0
45 silly linkStuff mentoring-web@1.0.0 has /home/eusebio/workspace as its parent node_modules
46 verbose linkBins mentoring-web@1.0.0
47 verbose linkMans mentoring-web@1.0.0
48 verbose rebuildBundles mentoring-web@1.0.0
49 verbose rebuildBundles [ '.bin',
49 verbose rebuildBundles   'grunt',
49 verbose rebuildBundles   'grunt-connect-proxy',
49 verbose rebuildBundles   'grunt-contrib-concat',
49 verbose rebuildBundles   'grunt-contrib-connect',
49 verbose rebuildBundles   'grunt-contrib-copy',
49 verbose rebuildBundles   'grunt-contrib-cssmin',
49 verbose rebuildBundles   'grunt-contrib-jshint',
49 verbose rebuildBundles   'grunt-contrib-uglify',
49 verbose rebuildBundles   'grunt-contrib-watch',
49 verbose rebuildBundles   'grunt-usemin' ]
50 info install mentoring-web@1.0.0
51 info postinstall mentoring-web@1.0.0
52 info prepublish mentoring-web@1.0.0
53 verbose validateInstall loading /home/eusebio/workspace/mentoring-web/package.json for validation
54 verbose stack Error: The package grunt@1.0.1 does not satisfy its siblings' peerDependencies requirements!
54 verbose stack     at /usr/lib/node_modules/npm/lib/install.js:125:32
54 verbose stack     at /usr/lib/node_modules/npm/lib/install.js:268:7
54 verbose stack     at /usr/lib/node_modules/npm/node_modules/read-installed/read-installed.js:142:5
54 verbose stack     at /usr/lib/node_modules/npm/node_modules/read-installed/read-installed.js:263:14
54 verbose stack     at cb (/usr/lib/node_modules/npm/node_modules/slide/lib/async-map.js:47:24)
54 verbose stack     at /usr/lib/node_modules/npm/node_modules/read-installed/read-installed.js:263:14
54 verbose stack     at cb (/usr/lib/node_modules/npm/node_modules/slide/lib/async-map.js:47:24)
54 verbose stack     at /usr/lib/node_modules/npm/node_modules/read-installed/read-installed.js:263:14
54 verbose stack     at cb (/usr/lib/node_modules/npm/node_modules/slide/lib/async-map.js:47:24)
54 verbose stack     at /usr/lib/node_modules/npm/node_modules/read-installed/read-installed.js:263:14
55 verbose cwd /home/eusebio/workspace/mentoring-web
56 error Linux 4.4.0-28-generic
57 error argv "/usr/bin/nodejs" "/usr/bin/npm" "install"
58 error node v4.4.7
59 error npm  v2.15.8
60 error code EPEERINVALID
61 error peerinvalid The package grunt@1.0.1 does not satisfy its siblings' peerDependencies requirements!
61 error peerinvalid Peer grunt-connect-proxy@0.2.0 wants grunt@~0.4.1
61 error peerinvalid Peer grunt-contrib-concat@1.0.1 wants grunt@>=0.4.0
61 error peerinvalid Peer grunt-usemin@3.1.1 wants grunt@>=0.4.0
61 error peerinvalid Peer grunt-contrib-connect@1.0.2 wants grunt@>=0.4.0
61 error peerinvalid Peer grunt-contrib-jshint@1.0.0 wants grunt@>=0.4.0
62 verbose exit [ 1, true ]
